[0m15:45:43.613107 [debug] [MainThread]: Sending event: {'category': 'dbt', 'action': 'invocation', 'label': 'start', 'context': [<snowplow_tracker.self_describing_json.SelfDescribingJson object at 0x000002485BA69FC0>, <snowplow_tracker.self_describing_json.SelfDescribingJson object at 0x000002485DD14CA0>, <snowplow_tracker.self_describing_json.SelfDescribingJson object at 0x000002485DD14B50>]}


============================== 15:45:43.613107 | 1c12c22a-1ad9-470f-b730-22b626331d63 ==============================
[0m15:45:43.613107 [info ] [MainThread]: Running with dbt=1.5.9
[0m15:45:43.613107 [debug] [MainThread]: running dbt with arguments {'printer_width': '80', 'indirect_selection': 'eager', 'log_cache_events': 'False', 'write_json': 'True', 'partial_parse': 'True', 'cache_selected_only': 'False', 'profiles_dir': 'C:\\Users\\Arul\\.dbt', 'fail_fast': 'False', 'debug': 'False', 'log_path': 'C:\\Users\\Arul\\dbt-poc\\kenv\\logs', 'warn_error': 'None', 'version_check': 'True', 'use_colors': 'True', 'use_experimental_parser': 'False', 'no_print': 'None', 'quiet': 'False', 'log_format': 'default', 'static_parser': 'True', 'introspect': 'True', 'warn_error_options': 'WarnErrorOptions(include=[], exclude=[])', 'target_path': 'None', 'send_anonymous_usage_stats': 'True'}
[0m15:45:43.613107 [info ] [MainThread]: dbt version: 1.5.9
[0m15:45:43.613107 [info ] [MainThread]: python version: 3.10.4
[0m15:45:43.622381 [info ] [MainThread]: python path: C:\Users\Arul\dbt-poc\venv\Scripts\python.exe
[0m15:45:43.622381 [info ] [MainThread]: os info: Windows-10-10.0.19045-SP0
[0m15:45:43.622381 [info ] [MainThread]: Using profiles.yml file at C:\Users\Arul\.dbt\profiles.yml
[0m15:45:43.627114 [info ] [MainThread]: Using dbt_project.yml file at C:\Users\Arul\dbt-poc\kenv\dbt_project.yml
[0m15:45:43.627114 [info ] [MainThread]: Configuration:
[0m15:45:43.983392 [info ] [MainThread]:   profiles.yml file [[32mOK found and valid[0m]
[0m15:45:44.003478 [info ] [MainThread]:   dbt_project.yml file [[32mOK found and valid[0m]
[0m15:45:44.008069 [info ] [MainThread]: Required dependencies:
[0m15:45:44.008069 [debug] [MainThread]: Executing "git --help"
[0m15:45:44.044486 [debug] [MainThread]: STDOUT: "b"usage: git [--version] [--help] [-C <path>] [-c <name>=<value>]\n           [--exec-path[=<path>]] [--html-path] [--man-path] [--info-path]\n           [-p | --paginate | -P | --no-pager] [--no-replace-objects] [--bare]\n           [--git-dir=<path>] [--work-tree=<path>] [--namespace=<name>]\n           <command> [<args>]\n\nThese are common Git commands used in various situations:\n\nstart a working area (see also: git help tutorial)\n   clone             Clone a repository into a new directory\n   init              Create an empty Git repository or reinitialize an existing one\n\nwork on the current change (see also: git help everyday)\n   add               Add file contents to the index\n   mv                Move or rename a file, a directory, or a symlink\n   restore           Restore working tree files\n   rm                Remove files from the working tree and from the index\n   sparse-checkout   Initialize and modify the sparse-checkout\n\nexamine the history and state (see also: git help revisions)\n   bisect            Use binary search to find the commit that introduced a bug\n   diff              Show changes between commits, commit and working tree, etc\n   grep              Print lines matching a pattern\n   log               Show commit logs\n   show              Show various types of objects\n   status            Show the working tree status\n\ngrow, mark and tweak your common history\n   branch            List, create, or delete branches\n   commit            Record changes to the repository\n   merge             Join two or more development histories together\n   rebase            Reapply commits on top of another base tip\n   reset             Reset current HEAD to the specified state\n   switch            Switch branches\n   tag               Create, list, delete or verify a tag object signed with GPG\n\ncollaborate (see also: git help workflows)\n   fetch             Download objects and refs from another repository\n   pull              Fetch from and integrate with another repository or a local branch\n   push              Update remote refs along with associated objects\n\n'git help -a' and 'git help -g' list available subcommands and some\nconcept guides. See 'git help <command>' or 'git help <concept>'\nto read about a specific subcommand or concept.\nSee 'git help git' for an overview of the system.\n""
[0m15:45:44.044486 [debug] [MainThread]: STDERR: "b''"
[0m15:45:44.044486 [info ] [MainThread]:  - git [[32mOK found[0m]

[0m15:45:44.052753 [info ] [MainThread]: Connection:
[0m15:45:44.052753 [info ] [MainThread]:   account: kbpumme-ru72517
[0m15:45:44.052753 [info ] [MainThread]:   user: TRANSFORM_USER
[0m15:45:44.052753 [info ] [MainThread]:   database: ANALYTICS
[0m15:45:44.052753 [info ] [MainThread]:   schema: DBT
[0m15:45:44.052753 [info ] [MainThread]:   warehouse: TRANSFORM_WH
[0m15:45:44.052753 [info ] [MainThread]:   role: TRANSFORM_ROLE
[0m15:45:44.060855 [info ] [MainThread]:   client_session_keep_alive: False
[0m15:45:44.062123 [info ] [MainThread]:   query_tag: None
[0m15:45:44.066483 [info ] [MainThread]: Registered adapter: snowflake=1.5.0
[0m15:45:44.066483 [debug] [MainThread]: Acquiring new snowflake connection 'debug'
[0m15:45:44.066483 [debug] [MainThread]: Using snowflake connection "debug"
[0m15:45:44.066483 [debug] [MainThread]: On debug: select 1 as id
[0m15:45:44.066483 [debug] [MainThread]: Opening a new connection, currently in state init
[0m15:45:45.072719 [debug] [MainThread]: SQL status: SUCCESS 1 in 1.0 seconds
[0m15:45:45.072719 [debug] [MainThread]: On debug: Close
[0m15:45:45.176897 [info ] [MainThread]:   Connection test: [[32mOK connection ok[0m]

[0m15:45:45.176897 [info ] [MainThread]: [32mAll checks passed![0m
[0m15:45:45.181389 [debug] [MainThread]: Command `dbt debug` succeeded at 15:45:45.180894 after 1.60 seconds
[0m15:45:45.181389 [debug] [MainThread]: Connection 'debug' was properly closed.
[0m15:45:45.182241 [debug] [MainThread]: Sending event: {'category': 'dbt', 'action': 'invocation', 'label': 'end', 'context': [<snowplow_tracker.self_describing_json.SelfDescribingJson object at 0x000002485BA69FC0>, <snowplow_tracker.self_describing_json.SelfDescribingJson object at 0x000002485E1028F0>, <snowplow_tracker.self_describing_json.SelfDescribingJson object at 0x000002485E5A2DA0>]}
[0m15:45:45.182749 [debug] [MainThread]: Flushing usage events
